[2026-07-01 21:39:28] INFO: Fetched (200) <GET https://science.nasa.gov/dwarf-planets/ceres/> (referer: https://www.google.com/)
[2026-07-01 21:39:30] INFO: Fetched (404) <GET https://science.nasa.gov/ceres/exploration/> (referer: https://www.google.com/)
[2026-07-01 21:39:31] INFO: Fetched (404) <GET https://science.nasa.gov/ceres/facts/> (referer: https://www.google.com/)
[2026-07-01 21:39:32] INFO: Fetched (404) <GET https://science.nasa.gov/ceres/in-depth/> (referer: https://www.google.com/)
[2026-07-01 21:39:34] INFO: Fetched (404) <GET https://science.nasa.gov/ceres/moons/> (referer: https://www.google.com/)
[2026-07-01 21:39:36] INFO: Fetched (200) <GET https://science.nasa.gov/earth/> (referer: https://www.google.com/)
[2026-07-01 21:39:38] INFO: Fetched (404) <GET https://science.nasa.gov/earth/exploration/> (referer: https://www.google.com/)
[2026-07-01 21:39:38] INFO: Fetched (200) <GET https://science.nasa.gov/earth/facts/> (referer: https://www.google.com/)
[2026-07-01 21:39:40] INFO: Fetched (404) <GET https://science.nasa.gov/earth/in-depth/> (referer: https://www.google.com/)
[2026-07-01 21:39:42] INFO: Fetched (404) <GET https://science.nasa.gov/earth/moons/> (referer: https://www.google.com/)
[2026-07-01 21:39:44] INFO: Fetched (200) <GET https://science.nasa.gov/dwarf-planets/eris/> (referer: https://www.google.com/)
[2026-07-01 21:39:46] INFO: Fetched (404) <GET https://science.nasa.gov/eris/exploration/> (referer: https://www.google.com/)
[2026-07-01 21:39:47] INFO: Fetched (404) <GET https://science.nasa.gov/eris/facts/> (referer: https://www.google.com/)
[2026-07-01 21:39:48] INFO: Fetched (404) <GET https://science.nasa.gov/eris/in-depth/> (referer: https://www.google.com/)
[2026-07-01 21:39:51] INFO: Fetched (404) <GET https://science.nasa.gov/eris/moons/> (referer: https://www.google.com/)
[2026-07-01 21:39:52] INFO: Fetched (200) <GET https://science.nasa.gov/dwarf-planets/haumea/> (referer: https://www.google.com/)
[2026-07-01 21:39:53] INFO: Fetched (404) <GET https://science.nasa.gov/haumea/exploration/> (referer: https://www.google.com/)
[2026-07-01 21:39:54] INFO: Fetched (404) <GET https://science.nasa.gov/haumea/facts/> (referer: https://www.google.com/)
[2026-07-01 21:39:55] INFO: Fetched (404) <GET https://science.nasa.gov/haumea/in-depth/> (referer: https://www.google.com/)
[2026-07-01 21:39:57] INFO: Fetched (404) <GET https://science.nasa.gov/haumea/moons/> (referer: https://www.google.com/)
[2026-07-01 21:39:58] INFO: Fetched (200) <GET https://science.nasa.gov/jupiter/> (referer: https://www.google.com/)
[2026-07-01 21:39:59] INFO: Fetched (200) <GET https://science.nasa.gov/jupiter/exploration/> (referer: https://www.google.com/)
[2026-07-01 21:39:59] INFO: Fetched (200) <GET https://science.nasa.gov/jupiter/jupiter-facts/> (referer: https://www.google.com/)
[2026-07-01 21:40:01] INFO: Fetched (404) <GET https://science.nasa.gov/jupiter/in-depth/> (referer: https://www.google.com/)
[2026-07-01 21:40:01] INFO: Fetched (200) <GET https://science.nasa.gov/jupiter/jupiter-moons/> (referer: https://www.google.com/)
[2026-07-01 21:40:03] INFO: Fetched (200) <GET https://science.nasa.gov/dwarf-planets/makemake/> (referer: https://www.google.com/)
[2026-07-01 21:40:05] INFO: Fetched (404) <GET https://science.nasa.gov/makemake/exploration/> (referer: https://www.google.com/)
[2026-07-01 21:40:06] INFO: Fetched (404) <GET https://science.nasa.gov/makemake/facts/> (referer: https://www.google.com/)
[2026-07-01 21:40:07] INFO: Fetched (404) <GET https://science.nasa.gov/makemake/in-depth/> (referer: https://www.google.com/)
[2026-07-01 21:40:09] INFO: Fetched (404) <GET https://science.nasa.gov/makemake/moons/> (referer: https://www.google.com/)
[2026-07-01 21:40:09] INFO: Fetched (200) <GET https://science.nasa.gov/mars/> (referer: https://www.google.com/)
[2026-07-01 21:40:12] INFO: Fetched (404) <GET https://science.nasa.gov/mars/exploration/> (referer: https://www.google.com/)
[2026-07-01 21:40:12] INFO: Fetched (200) <GET https://science.nasa.gov/mars/facts/> (referer: https://www.google.com/)
[2026-07-01 21:40:15] INFO: Fetched (404) <GET https://science.nasa.gov/mars/in-depth/> (referer: https://www.google.com/)
[2026-07-01 21:40:16] INFO: Fetched (200) <GET https://science.nasa.gov/mars/moons/> (referer: https://www.google.com/)
[2026-07-01 21:40:16] INFO: Fetched (200) <GET https://science.nasa.gov/mercury/> (referer: https://www.google.com/)
[2026-07-01 21:40:17] INFO: Fetched (200) <GET https://science.nasa.gov/mercury/exploration/> (referer: https://www.google.com/)
[2026-07-01 21:40:18] INFO: Fetched (200) <GET https://science.nasa.gov/mercury/facts/> (referer: https://www.google.com/)
[2026-07-01 21:40:19] INFO: Fetched (404) <GET https://science.nasa.gov/mercury/in-depth/> (referer: https://www.google.com/)
[2026-07-01 21:40:20] INFO: Fetched (404) <GET https://science.nasa.gov/mercury/moons/> (referer: https://www.google.com/)
[2026-07-01 21:40:21] INFO: Fetched (200) <GET https://science.nasa.gov/neptune/> (referer: https://www.google.com/)
[2026-07-01 21:40:21] INFO: Fetched (200) <GET https://science.nasa.gov/neptune/exploration/> (referer: https://www.google.com/)
[2026-07-01 21:40:22] INFO: Fetched (200) <GET https://science.nasa.gov/neptune/neptune-facts/> (referer: https://www.google.com/)
[2026-07-01 21:40:24] INFO: Fetched (404) <GET https://science.nasa.gov/neptune/in-depth/> (referer: https://www.google.com/)
[2026-07-01 21:40:24] INFO: Fetched (200) <GET https://science.nasa.gov/neptune/moons/> (referer: https://www.google.com/)
[2026-07-01 21:40:30] INFO: Fetched (200) <GET https://science.nasa.gov/dwarf-planets/pluto/> (referer: https://www.google.com/)
[2026-07-01 21:40:31] INFO: Fetched (200) <GET https://science.nasa.gov/dwarf-planets/pluto/> (referer: https://www.google.com/)
[2026-07-01 21:40:33] INFO: Fetched (404) <GET https://science.nasa.gov/pluto/exploration/> (referer: https://www.google.com/)
[2026-07-01 21:40:35] INFO: Fetched (404) <GET https://science.nasa.gov/pluto/facts/> (referer: https://www.google.com/)
[2026-07-01 21:40:36] INFO: Fetched (404) <GET https://science.nasa.gov/pluto/in-depth/> (referer: https://www.google.com/)
[2026-07-01 21:40:37] INFO: Fetched (404) <GET https://science.nasa.gov/pluto/moons/> (referer: https://www.google.com/)
[2026-07-01 21:40:38] INFO: Fetched (200) <GET https://science.nasa.gov/saturn/> (referer: https://www.google.com/)
[2026-07-01 21:40:39] INFO: Fetched (200) <GET https://science.nasa.gov/saturn/exploration/> (referer: https://www.google.com/)
[2026-07-01 21:40:41] INFO: Fetched (200) <GET https://science.nasa.gov/saturn/facts/> (referer: https://www.google.com/)
[2026-07-01 21:40:42] INFO: Fetched (404) <GET https://science.nasa.gov/saturn/in-depth/> (referer: https://www.google.com/)
[2026-07-01 21:40:44] INFO: Fetched (200) <GET https://science.nasa.gov/saturn/moons/> (referer: https://www.google.com/)
[2026-07-01 21:40:46] INFO: Fetched (200) <GET https://science.nasa.gov/solar-system/10-things-going-interstellar/> (referer: https://www.google.com/)
[2026-07-01 21:40:47] INFO: Fetched (200) <GET https://science.nasa.gov/solar-system/10-things-movie-night/> (referer: https://www.google.com/)
[2026-07-01 21:40:48] INFO: Fetched (200) <GET https://science.nasa.gov/solar-system/10-things-whats-that-space-rock/> (referer: https://www.google.com/)
[2026-07-01 21:40:49] INFO: Fetched (200) <GET https://science.nasa.gov/solar-system/asteroids/> (referer: https://www.google.com/)
[2026-07-01 21:40:49] INFO: Fetched (200) <GET https://science.nasa.gov/solar-system/asteroids/101955-bennu/> (referer: https://www.google.com/)
[2026-07-01 21:40:50] INFO: Fetched (200) <GET https://science.nasa.gov/solar-system/asteroids/16-psyche/> (referer: https://www.google.com/)
[2026-07-01 21:40:52] INFO: Fetched (200) <GET https://science.nasa.gov/solar-system/asteroids/2024-yr4/> (referer: https://www.google.com/)
[2026-07-01 21:40:56] INFO: Fetched (200) <GET https://science.nasa.gov/solar-system/asteroids/243-ida/> (referer: https://www.google.com/)
[2026-07-01 21:40:57] INFO: Fetched (200) <GET https://science.nasa.gov/solar-system/asteroids/25143-itokawa/> (referer: https://www.google.com/)
[2026-07-01 21:40:57] INFO: Fetched (200) <GET https://science.nasa.gov/solar-system/asteroids/4-vesta/> (referer: https://www.google.com/)
[2026-07-01 21:40:58] INFO: Fetched (200) <GET https://science.nasa.gov/solar-system/asteroids/433-eros/> (referer: https://www.google.com/)
[2026-07-01 21:41:00] INFO: Fetched (200) <GET https://science.nasa.gov/solar-system/asteroids/apophis/> (referer: https://www.google.com/)
[2026-07-01 21:41:00] INFO: Fetched (200) <GET https://science.nasa.gov/solar-system/asteroids/didymos/> (referer: https://www.google.com/)
[2026-07-01 21:41:02] INFO: Fetched (200) <GET https://science.nasa.gov/solar-system/asteroids/dinkinesh/> (referer: https://www.google.com/)
[2026-07-01 21:41:03] INFO: Fetched (200) <GET https://science.nasa.gov/solar-system/asteroids/donaldjohanson/> (referer: https://www.google.com/)
[2026-07-01 21:41:04] INFO: Fetched (200) <GET https://science.nasa.gov/solar-system/asteroids/exploration/> (referer: https://www.google.com/)
[2026-07-01 21:41:04] INFO: Fetched (200) <GET https://science.nasa.gov/solar-system/asteroids/facts/> (referer: https://www.google.com/)
[2026-07-01 21:41:05] INFO: Fetched (200) <GET https://science.nasa.gov/solar-system/comets/> (referer: https://www.google.com/)
[2026-07-01 21:41:07] INFO: Fetched (200) <GET https://science.nasa.gov/solar-system/comets/103p-hartley-hartley-2/> (referer: https://www.google.com/)
[2026-07-01 21:41:08] INFO: Fetched (200) <GET https://science.nasa.gov/solar-system/comets/109p-swift-tuttle/> (referer: https://www.google.com/)
[2026-07-01 21:41:09] INFO: Fetched (200) <GET https://science.nasa.gov/solar-system/comets/19p-borrelly/> (referer: https://www.google.com/)
[2026-07-01 21:41:09] INFO: Fetched (200) <GET https://science.nasa.gov/solar-system/comets/1p-halley/> (referer: https://www.google.com/)
[2026-07-01 21:41:10] INFO: Fetched (200) <GET https://science.nasa.gov/solar-system/comets/2i-borisov/> (referer: https://www.google.com/)
[2026-07-01 21:41:11] INFO: Fetched (200) <GET https://science.nasa.gov/solar-system/comets/2p-encke/> (referer: https://www.google.com/)
[2026-07-01 21:41:14] INFO: Fetched (200) <GET https://science.nasa.gov/solar-system/comets/3i-atlas/> (referer: https://www.google.com/)
[2026-07-01 21:41:15] INFO: Fetched (200) <GET https://science.nasa.gov/solar-system/comets/67p-churyumov-gerasimenko/> (referer: https://www.google.com/)
[2026-07-01 21:41:16] INFO: Fetched (200) <GET https://science.nasa.gov/solar-system/comets/81p-wild/> (referer: https://www.google.com/)
[2026-07-01 21:41:17] INFO: Fetched (200) <GET https://science.nasa.gov/solar-system/comets/9p-tempel-1/> (referer: https://www.google.com/)
[2026-07-01 21:41:18] INFO: Fetched (200) <GET https://science.nasa.gov/solar-system/comets/c-1995-o1-hale-bopp/> (referer: https://www.google.com/)
[2026-07-01 21:41:19] INFO: Fetched (200) <GET https://science.nasa.gov/solar-system/comets/c-2012-s1-ison/> (referer: https://www.google.com/)
[2026-07-01 21:41:20] INFO: Fetched (200) <GET https://science.nasa.gov/solar-system/comets/c-2013-a1-siding-spring/> (referer: https://www.google.com/)
[2026-07-01 21:41:21] INFO: Fetched (200) <GET https://science.nasa.gov/solar-system/comets/facts/> (referer: https://www.google.com/)
[2026-07-01 21:41:22] INFO: Fetched (200) <GET https://science.nasa.gov/solar-system/comets/oumuamua/> (referer: https://www.google.com/)
[2026-07-01 21:41:24] INFO: Fetched (200) <GET https://science.nasa.gov/solar-system/comets/p-shoemaker-levy-9/> (referer: https://www.google.com/)
[2026-07-01 21:41:25] INFO: Fetched (200) <GET https://science.nasa.gov/solar-system/solar-system-facts/> (referer: https://www.google.com/)
[2026-07-01 21:41:26] INFO: Fetched (200) <GET https://science.nasa.gov/solar-system/how-to-photograph-a-meteor-shower/> (referer: https://www.google.com/)
[2026-07-01 21:41:27] INFO: Fetched (200) <GET https://science.nasa.gov/solar-system/kuiper-belt/> (referer: https://www.google.com/)
[2026-07-01 21:41:29] INFO: Fetched (200) <GET https://science.nasa.gov/solar-system/kuiper-belt/exploration/> (referer: https://www.google.com/)
[2026-07-01 21:41:30] INFO: Fetched (200) <GET https://science.nasa.gov/solar-system/kuiper-belt/facts/> (referer: https://www.google.com/)
[2026-07-01 21:41:31] INFO: Fetched (200) <GET https://science.nasa.gov/solar-system/kuiper-belt/stories/> (referer: https://www.google.com/)
[2026-07-01 21:41:31] INFO: Fetched (200) <GET https://science.nasa.gov/solar-system/meteors-meteorites/> (referer: https://www.google.com/)
[2026-07-01 21:41:32] INFO: Fetched (200) <GET https://science.nasa.gov/solar-system/meteors-meteorites/exploration/> (referer: https://www.google.com/)
[2026-07-01 21:41:33] INFO: Fetched (200) <GET https://science.nasa.gov/solar-system/meteors-meteorites/facts/> (referer: https://www.google.com/)
[2026-07-01 21:41:34] INFO: Fetched (200) <GET https://science.nasa.gov/solar-system/moons/> (referer: https://www.google.com/)
[2026-07-01 21:41:34] INFO: Fetched (200) <GET https://science.nasa.gov/solar-system/moons/10-things-about-our-solar-systems-most-marvelous-moons/> (referer: https://www.google.com/)
[2026-07-01 21:41:35] INFO: Fetched (200) <GET https://science.nasa.gov/solar-system/moons/facts/> (referer: https://www.google.com/)
[2026-07-01 21:41:36] INFO: Fetched (200) <GET https://science.nasa.gov/solar-system/oort-cloud/> (referer: https://www.google.com/)
[2026-07-01 21:41:37] INFO: Fetched (200) <GET https://science.nasa.gov/solar-system/oort-cloud/facts/> (referer: https://www.google.com/)
[2026-07-01 21:41:38] INFO: Fetched (200) <GET https://science.nasa.gov/solar-system/oort-cloud/multimedia/> (referer: https://www.google.com/)
[2026-07-01 21:41:39] INFO: Fetched (200) <GET https://science.nasa.gov/solar-system/planet-sizes-and-locations-in-our-solar-system/> (referer: https://www.google.com/)
[2026-07-01 21:41:41] INFO: Fetched (200) <GET https://science.nasa.gov/solar-system/planet-x/> (referer: https://www.google.com/)
[2026-07-01 21:41:42] INFO: Fetched (200) <GET https://science.nasa.gov/solar-system/planets/> (referer: https://www.google.com/)
[2026-07-01 21:41:45] INFO: Fetched (200) <GET https://science.nasa.gov/solar-system/analog-explorer/> (referer: https://www.google.com/)
[2026-07-01 21:41:45] INFO: Fetched (200) <GET https://science.nasa.gov/solar-system/planets/planet-sizes-and-locations-in-our-solar-system/> (referer: https://www.google.com/)
[2026-07-01 21:41:46] INFO: Fetched (200) <GET https://science.nasa.gov/solar-system/planetary-analogs/> (referer: https://www.google.com/)
[2026-07-01 21:41:47] INFO: Fetched (200) <GET https://science.nasa.gov/solar-system/planets/what-is-a-planet/> (referer: https://www.google.com/)
[2026-07-01 21:41:48] INFO: Fetched (200) <GET https://science.nasa.gov/solar-system/resources/> (referer: https://www.google.com/)
[2026-07-01 21:41:49] INFO: Fetched (200) <GET https://science.nasa.gov/solar-system/resources/resource-packages/> (referer: https://www.google.com/)
[2026-07-01 21:41:50] INFO: Fetched (200) <GET https://science.nasa.gov/solar-system/resources/resource-packages/asteroid-and-comet-resources/> (referer: https://www.google.com/)
[2026-07-01 21:41:51] INFO: Fetched (200) <GET https://science.nasa.gov/solar-system/resources/resource-packages/earths-moon-resources/> (referer: https://www.google.com/)
[2026-07-01 21:41:52] INFO: Fetched (200) <GET https://science.nasa.gov/solar-system/resources/resource-packages/ice-giant-resources/> (referer: https://www.google.com/)
[2026-07-01 21:41:53] INFO: Fetched (200) <GET https://science.nasa.gov/solar-system/resources/resource-packages/jupiter-resources/> (referer: https://www.google.com/)
[2026-07-01 21:41:54] INFO: Fetched (200) <GET https://science.nasa.gov/solar-system/resources/resource-packages/lucy-mission-resources/> (referer: https://www.google.com/)
[2026-07-01 21:41:56] INFO: Fetched (200) <GET https://science.nasa.gov/solar-system/resources/resource-packages/mars-resources/> (referer: https://www.google.com/)
[2026-07-01 21:41:57] INFO: Fetched (200) <GET https://science.nasa.gov/solar-system/resources/resource-packages/mercury-resources/> (referer: https://www.google.com/)
[2026-07-01 21:41:58] INFO: Fetched (200) <GET https://science.nasa.gov/solar-system/resources/resource-packages/ocean-worlds-resources/> (referer: https://www.google.com/)
[2026-07-01 21:41:58] INFO: Fetched (200) <GET https://science.nasa.gov/solar-system/resources/resource-packages/osiris-rex-resources/> (referer: https://www.google.com/)
[2026-07-01 21:42:00] INFO: Fetched (200) <GET https://science.nasa.gov/solar-system/resources/resource-packages/pluto-dwarf-planet-resources/> (referer: https://www.google.com/)
[2026-07-01 21:42:01] INFO: Fetched (200) <GET https://science.nasa.gov/solar-system/resources/resource-packages/saturn-and-titan-resources/> (referer: https://www.google.com/)
[2026-07-01 21:42:02] INFO: Fetched (200) <GET https://science.nasa.gov/solar-system/resources/resource-packages/venus-resources/> (referer: https://www.google.com/)
[2026-07-01 21:42:04] INFO: Fetched (200) <GET https://science.nasa.gov/solar-system/skywatching/night-sky-network/tropical-solstice-shadows/> (referer: https://www.google.com/)
[2026-07-01 21:42:05] INFO: Fetched (200) <GET https://science.nasa.gov/solar-system/solar-system-facts/> (referer: https://www.google.com/)
[2026-07-01 21:42:06] INFO: Fetched (200) <GET https://science.nasa.gov/solar-system/stories/> (referer: https://www.google.com/)
[2026-07-01 21:42:06] INFO: Fetched (200) <GET https://science.nasa.gov/solar-system/temperatures-across-our-solar-system/> (referer: https://www.google.com/)
[2026-07-01 21:42:08] INFO: Fetched (200) <GET https://science.nasa.gov/solar-system/view-interstellar-comet-3i-atlas-through-nasas-multiple-lenses/> (referer: https://www.google.com/)
[2026-07-01 21:42:08] INFO: Fetched (200) <GET https://science.nasa.gov/solar-system/whats-up-june-2026-skywatching-tips-from-nasa/> (referer: https://www.google.com/)
[2026-07-01 21:42:10] INFO: Fetched (200) <GET https://science.nasa.gov/uranus/> (referer: https://www.google.com/)
[2026-07-01 21:42:11] INFO: Fetched (200) <GET https://science.nasa.gov/uranus/exploration/> (referer: https://www.google.com/)
[2026-07-01 21:42:11] INFO: Fetched (200) <GET https://science.nasa.gov/uranus/facts/> (referer: https://www.google.com/)
[2026-07-01 21:42:12] INFO: Fetched (404) <GET https://science.nasa.gov/uranus/in-depth/> (referer: https://www.google.com/)
[2026-07-01 21:42:14] INFO: Fetched (200) <GET https://science.nasa.gov/uranus/moons/> (referer: https://www.google.com/)
[2026-07-01 21:42:14] INFO: Fetched (200) <GET https://science.nasa.gov/venus/> (referer: https://www.google.com/)
[2026-07-01 21:42:16] INFO: Fetched (200) <GET https://science.nasa.gov/venus/exploration/> (referer: https://www.google.com/)
[2026-07-01 21:42:16] INFO: Fetched (200) <GET https://science.nasa.gov/venus/venus-facts/> (referer: https://www.google.com/)
[2026-07-01 21:42:19] INFO: Fetched (404) <GET https://science.nasa.gov/venus/in-depth/> (referer: https://www.google.com/)
[2026-07-01 21:42:20] INFO: Fetched (404) <GET https://science.nasa.gov/venus/moons/> (referer: https://www.google.com/)
