Fetching 142 URLs...
  (1/142) https://science.nasa.gov/ceres/
  (2/142) https://science.nasa.gov/ceres/exploration/
  (3/142) https://science.nasa.gov/ceres/facts/
  (4/142) https://science.nasa.gov/ceres/in-depth/
  (5/142) https://science.nasa.gov/ceres/moons/
  (6/142) https://science.nasa.gov/earth/
  (7/142) https://science.nasa.gov/earth/exploration/
  (8/142) https://science.nasa.gov/earth/facts/
  (9/142) https://science.nasa.gov/earth/in-depth/
  (10/142) https://science.nasa.gov/earth/moons/
  (11/142) https://science.nasa.gov/eris/
  (12/142) https://science.nasa.gov/eris/exploration/
  (13/142) https://science.nasa.gov/eris/facts/
  (14/142) https://science.nasa.gov/eris/in-depth/
  (15/142) https://science.nasa.gov/eris/moons/
  (16/142) https://science.nasa.gov/haumea/
  (17/142) https://science.nasa.gov/haumea/exploration/
  (18/142) https://science.nasa.gov/haumea/facts/
  (19/142) https://science.nasa.gov/haumea/in-depth/
  (20/142) https://science.nasa.gov/haumea/moons/
  (21/142) https://science.nasa.gov/jupiter/
  (22/142) https://science.nasa.gov/jupiter/exploration/
  (23/142) https://science.nasa.gov/jupiter/facts/
  (24/142) https://science.nasa.gov/jupiter/in-depth/
  (25/142) https://science.nasa.gov/jupiter/moons/
  (26/142) https://science.nasa.gov/makemake/
  (27/142) https://science.nasa.gov/makemake/exploration/
  (28/142) https://science.nasa.gov/makemake/facts/
  (29/142) https://science.nasa.gov/makemake/in-depth/
  (30/142) https://science.nasa.gov/makemake/moons/
  (31/142) https://science.nasa.gov/mars/
  (32/142) https://science.nasa.gov/mars/exploration/
  (33/142) https://science.nasa.gov/mars/facts/
  (34/142) https://science.nasa.gov/mars/in-depth/
  (35/142) https://science.nasa.gov/mars/moons/
  (36/142) https://science.nasa.gov/mercury/
  (37/142) https://science.nasa.gov/mercury/exploration/
  (38/142) https://science.nasa.gov/mercury/facts/
  (39/142) https://science.nasa.gov/mercury/in-depth/
  (40/142) https://science.nasa.gov/mercury/moons/
  (41/142) https://science.nasa.gov/neptune/
  (42/142) https://science.nasa.gov/neptune/exploration/
  (43/142) https://science.nasa.gov/neptune/facts/
  (44/142) https://science.nasa.gov/neptune/in-depth/
  (45/142) https://science.nasa.gov/neptune/moons/
  (46/142) https://science.nasa.gov/pluto
  (47/142) https://science.nasa.gov/pluto/
  (48/142) https://science.nasa.gov/pluto/exploration/
  (49/142) https://science.nasa.gov/pluto/facts/
  (50/142) https://science.nasa.gov/pluto/in-depth/
  (51/142) https://science.nasa.gov/pluto/moons/
  (52/142) https://science.nasa.gov/saturn/
  (53/142) https://science.nasa.gov/saturn/exploration/
  (54/142) https://science.nasa.gov/saturn/facts/
  (55/142) https://science.nasa.gov/saturn/in-depth/
  (56/142) https://science.nasa.gov/saturn/moons/
  (57/142) https://science.nasa.gov/solar-system/10-things-going-interstellar/
  (58/142) https://science.nasa.gov/solar-system/10-things-movie-night/
  (59/142) https://science.nasa.gov/solar-system/10-things-whats-that-space-rock/
  (60/142) https://science.nasa.gov/solar-system/asteroids/
  (61/142) https://science.nasa.gov/solar-system/asteroids/101955-bennu/
  (62/142) https://science.nasa.gov/solar-system/asteroids/16-psyche/
  (63/142) https://science.nasa.gov/solar-system/asteroids/2024-yr4/
  (64/142) https://science.nasa.gov/solar-system/asteroids/243-ida/
  (65/142) https://science.nasa.gov/solar-system/asteroids/25143-itokawa/
  (66/142) https://science.nasa.gov/solar-system/asteroids/4-vesta/
  (67/142) https://science.nasa.gov/solar-system/asteroids/433-eros/
  (68/142) https://science.nasa.gov/solar-system/asteroids/apophis/
  (69/142) https://science.nasa.gov/solar-system/asteroids/didymos/
  (70/142) https://science.nasa.gov/solar-system/asteroids/dinkinesh/
  (71/142) https://science.nasa.gov/solar-system/asteroids/donaldjohanson/
  (72/142) https://science.nasa.gov/solar-system/asteroids/exploration/
  (73/142) https://science.nasa.gov/solar-system/asteroids/facts/
  (74/142) https://science.nasa.gov/solar-system/comets/
  (75/142) https://science.nasa.gov/solar-system/comets/103p-hartley-hartley-2/
  (76/142) https://science.nasa.gov/solar-system/comets/109p-swift-tuttle/
  (77/142) https://science.nasa.gov/solar-system/comets/19p-borrelly/
  (78/142) https://science.nasa.gov/solar-system/comets/1p-halley/
  (79/142) https://science.nasa.gov/solar-system/comets/2i-borisov/
  (80/142) https://science.nasa.gov/solar-system/comets/2p-encke/
  (81/142) https://science.nasa.gov/solar-system/comets/3i-atlas/
  (82/142) https://science.nasa.gov/solar-system/comets/67p-churyumov-gerasimenko/
  (83/142) https://science.nasa.gov/solar-system/comets/81p-wild/
  (84/142) https://science.nasa.gov/solar-system/comets/9p-tempel-1/
  (85/142) https://science.nasa.gov/solar-system/comets/c-1995-o1-hale-bopp/
  (86/142) https://science.nasa.gov/solar-system/comets/c-2012-s1-ison/
  (87/142) https://science.nasa.gov/solar-system/comets/c-2013-a1-siding-spring/
  (88/142) https://science.nasa.gov/solar-system/comets/facts/
  (89/142) https://science.nasa.gov/solar-system/comets/oumuamua/
  (90/142) https://science.nasa.gov/solar-system/comets/p-shoemaker-levy-9/
  (91/142) https://science.nasa.gov/solar-system/facts/
  (92/142) https://science.nasa.gov/solar-system/how-to-photograph-a-meteor-shower/
  (93/142) https://science.nasa.gov/solar-system/kuiper-belt/
  (94/142) https://science.nasa.gov/solar-system/kuiper-belt/exploration/
  (95/142) https://science.nasa.gov/solar-system/kuiper-belt/facts/
  (96/142) https://science.nasa.gov/solar-system/kuiper-belt/stories/
  (97/142) https://science.nasa.gov/solar-system/meteors-meteorites/
  (98/142) https://science.nasa.gov/solar-system/meteors-meteorites/exploration/
  (99/142) https://science.nasa.gov/solar-system/meteors-meteorites/facts/
  (100/142) https://science.nasa.gov/solar-system/moons/
  (101/142) https://science.nasa.gov/solar-system/moons/10-things-about-our-solar-systems-most-marvelous-moons/
  (102/142) https://science.nasa.gov/solar-system/moons/facts/
  (103/142) https://science.nasa.gov/solar-system/oort-cloud/
  (104/142) https://science.nasa.gov/solar-system/oort-cloud/facts/
  (105/142) https://science.nasa.gov/solar-system/oort-cloud/multimedia/
  (106/142) https://science.nasa.gov/solar-system/planet-sizes-and-locations-in-our-solar-system/
  (107/142) https://science.nasa.gov/solar-system/planet-x/
  (108/142) https://science.nasa.gov/solar-system/planets/
  (109/142) https://science.nasa.gov/solar-system/planets/analog-explorer/
  (110/142) https://science.nasa.gov/solar-system/planets/planet-sizes-and-locations-in-our-solar-system/
  (111/142) https://science.nasa.gov/solar-system/planets/planetary-analogs/
  (112/142) https://science.nasa.gov/solar-system/planets/what-is-a-planet/
  (113/142) https://science.nasa.gov/solar-system/resources/
  (114/142) https://science.nasa.gov/solar-system/resources/resource-packages/
  (115/142) https://science.nasa.gov/solar-system/resources/resource-packages/asteroid-and-comet-resources/
  (116/142) https://science.nasa.gov/solar-system/resources/resource-packages/earths-moon-resources/
  (117/142) https://science.nasa.gov/solar-system/resources/resource-packages/ice-giant-resources/
  (118/142) https://science.nasa.gov/solar-system/resources/resource-packages/jupiter-resources/
  (119/142) https://science.nasa.gov/solar-system/resources/resource-packages/lucy-mission-resources/
  (120/142) https://science.nasa.gov/solar-system/resources/resource-packages/mars-resources/
  (121/142) https://science.nasa.gov/solar-system/resources/resource-packages/mercury-resources/
  (122/142) https://science.nasa.gov/solar-system/resources/resource-packages/ocean-worlds-resources/
  (123/142) https://science.nasa.gov/solar-system/resources/resource-packages/osiris-rex-resources/
  (124/142) https://science.nasa.gov/solar-system/resources/resource-packages/pluto-dwarf-planet-resources/
  (125/142) https://science.nasa.gov/solar-system/resources/resource-packages/saturn-and-titan-resources/
  (126/142) https://science.nasa.gov/solar-system/resources/resource-packages/venus-resources/
  (127/142) https://science.nasa.gov/solar-system/skywatching/night-sky-network/tropical-solstice-shadows/
  (128/142) https://science.nasa.gov/solar-system/solar-system-facts/
  (129/142) https://science.nasa.gov/solar-system/stories/
  (130/142) https://science.nasa.gov/solar-system/temperatures-across-our-solar-system/
  (131/142) https://science.nasa.gov/solar-system/view-interstellar-comet-3i-atlas-through-nasas-multiple-lenses/
  (132/142) https://science.nasa.gov/solar-system/whats-up-june-2026-skywatching-tips-from-nasa/
  (133/142) https://science.nasa.gov/uranus/
  (134/142) https://science.nasa.gov/uranus/exploration/
  (135/142) https://science.nasa.gov/uranus/facts/
  (136/142) https://science.nasa.gov/uranus/in-depth/
  (137/142) https://science.nasa.gov/uranus/moons/
  (138/142) https://science.nasa.gov/venus/
  (139/142) https://science.nasa.gov/venus/exploration/
  (140/142) https://science.nasa.gov/venus/facts/
  (141/142) https://science.nasa.gov/venus/in-depth/
  (142/142) https://science.nasa.gov/venus/moons/
  ok=142 err=0
