[2026-07-01 21:35:35] INFO: Fetched (200) <GET https://science.nasa.gov/dwarf-planets/ceres/> (referer: https://www.google.com/)
[2026-07-01 21:35:36] INFO: Fetched (404) <GET https://science.nasa.gov/ceres/exploration/> (referer: https://www.google.com/)
[2026-07-01 21:35:37] INFO: Fetched (404) <GET https://science.nasa.gov/ceres/facts/> (referer: https://www.google.com/)
[2026-07-01 21:35:39] INFO: Fetched (404) <GET https://science.nasa.gov/ceres/in-depth/> (referer: https://www.google.com/)
[2026-07-01 21:35:40] INFO: Fetched (404) <GET https://science.nasa.gov/ceres/moons/> (referer: https://www.google.com/)
[2026-07-01 21:35:41] INFO: Fetched (200) <GET https://science.nasa.gov/earth/> (referer: https://www.google.com/)
[2026-07-01 21:35:41] INFO: Fetched (404) <GET https://science.nasa.gov/earth/exploration/> (referer: https://www.google.com/)
[2026-07-01 21:35:42] INFO: Fetched (200) <GET https://science.nasa.gov/earth/facts/> (referer: https://www.google.com/)
[2026-07-01 21:35:43] INFO: Fetched (404) <GET https://science.nasa.gov/earth/in-depth/> (referer: https://www.google.com/)
[2026-07-01 21:35:44] INFO: Fetched (404) <GET https://science.nasa.gov/earth/moons/> (referer: https://www.google.com/)
[2026-07-01 21:35:45] INFO: Fetched (200) <GET https://science.nasa.gov/dwarf-planets/eris/> (referer: https://www.google.com/)
[2026-07-01 21:35:46] INFO: Fetched (404) <GET https://science.nasa.gov/eris/exploration/> (referer: https://www.google.com/)
[2026-07-01 21:35:48] INFO: Fetched (404) <GET https://science.nasa.gov/eris/facts/> (referer: https://www.google.com/)
[2026-07-01 21:35:49] INFO: Fetched (404) <GET https://science.nasa.gov/eris/in-depth/> (referer: https://www.google.com/)
[2026-07-01 21:35:50] INFO: Fetched (404) <GET https://science.nasa.gov/eris/moons/> (referer: https://www.google.com/)
[2026-07-01 21:35:52] INFO: Fetched (200) <GET https://science.nasa.gov/dwarf-planets/haumea/> (referer: https://www.google.com/)
[2026-07-01 21:35:52] INFO: Fetched (404) <GET https://science.nasa.gov/haumea/exploration/> (referer: https://www.google.com/)
[2026-07-01 21:35:54] INFO: Fetched (404) <GET https://science.nasa.gov/haumea/facts/> (referer: https://www.google.com/)
[2026-07-01 21:35:55] INFO: Fetched (404) <GET https://science.nasa.gov/haumea/in-depth/> (referer: https://www.google.com/)
[2026-07-01 21:35:56] INFO: Fetched (404) <GET https://science.nasa.gov/haumea/moons/> (referer: https://www.google.com/)
[2026-07-01 21:35:58] INFO: Fetched (200) <GET https://science.nasa.gov/jupiter/> (referer: https://www.google.com/)
[2026-07-01 21:35:59] INFO: Fetched (200) <GET https://science.nasa.gov/jupiter/exploration/> (referer: https://www.google.com/)
[2026-07-01 21:36:00] INFO: Fetched (200) <GET https://science.nasa.gov/jupiter/jupiter-facts/> (referer: https://www.google.com/)
[2026-07-01 21:36:00] INFO: Fetched (404) <GET https://science.nasa.gov/jupiter/in-depth/> (referer: https://www.google.com/)
[2026-07-01 21:36:01] INFO: Fetched (200) <GET https://science.nasa.gov/jupiter/jupiter-moons/> (referer: https://www.google.com/)
[2026-07-01 21:36:04] INFO: Fetched (200) <GET https://science.nasa.gov/dwarf-planets/makemake/> (referer: https://www.google.com/)
[2026-07-01 21:36:05] INFO: Fetched (404) <GET https://science.nasa.gov/makemake/exploration/> (referer: https://www.google.com/)
[2026-07-01 21:36:05] INFO: Fetched (404) <GET https://science.nasa.gov/makemake/facts/> (referer: https://www.google.com/)
[2026-07-01 21:36:07] INFO: Fetched (404) <GET https://science.nasa.gov/makemake/in-depth/> (referer: https://www.google.com/)
[2026-07-01 21:36:08] INFO: Fetched (404) <GET https://science.nasa.gov/makemake/moons/> (referer: https://www.google.com/)
[2026-07-01 21:36:08] INFO: Fetched (200) <GET https://science.nasa.gov/mars/> (referer: https://www.google.com/)
[2026-07-01 21:36:09] INFO: Fetched (404) <GET https://science.nasa.gov/mars/exploration/> (referer: https://www.google.com/)
[2026-07-01 21:36:09] INFO: Fetched (200) <GET https://science.nasa.gov/mars/facts/> (referer: https://www.google.com/)
[2026-07-01 21:36:10] INFO: Fetched (404) <GET https://science.nasa.gov/mars/in-depth/> (referer: https://www.google.com/)
[2026-07-01 21:36:11] INFO: Fetched (200) <GET https://science.nasa.gov/mars/moons/> (referer: https://www.google.com/)
[2026-07-01 21:36:12] INFO: Fetched (200) <GET https://science.nasa.gov/mercury/> (referer: https://www.google.com/)
[2026-07-01 21:36:14] INFO: Fetched (200) <GET https://science.nasa.gov/mercury/exploration/> (referer: https://www.google.com/)
[2026-07-01 21:36:15] INFO: Fetched (200) <GET https://science.nasa.gov/mercury/facts/> (referer: https://www.google.com/)
[2026-07-01 21:36:16] INFO: Fetched (404) <GET https://science.nasa.gov/mercury/in-depth/> (referer: https://www.google.com/)
[2026-07-01 21:36:17] INFO: Fetched (404) <GET https://science.nasa.gov/mercury/moons/> (referer: https://www.google.com/)
[2026-07-01 21:36:19] INFO: Fetched (200) <GET https://science.nasa.gov/neptune/> (referer: https://www.google.com/)
[2026-07-01 21:36:20] INFO: Fetched (200) <GET https://science.nasa.gov/neptune/exploration/> (referer: https://www.google.com/)
[2026-07-01 21:36:23] INFO: Fetched (200) <GET https://science.nasa.gov/neptune/neptune-facts/> (referer: https://www.google.com/)
[2026-07-01 21:36:25] INFO: Fetched (404) <GET https://science.nasa.gov/neptune/in-depth/> (referer: https://www.google.com/)
[2026-07-01 21:36:25] INFO: Fetched (200) <GET https://science.nasa.gov/neptune/moons/> (referer: https://www.google.com/)
[2026-07-01 21:36:27] INFO: Fetched (200) <GET https://science.nasa.gov/dwarf-planets/pluto/> (referer: https://www.google.com/)
[2026-07-01 21:36:29] INFO: Fetched (200) <GET https://science.nasa.gov/dwarf-planets/pluto/> (referer: https://www.google.com/)
[2026-07-01 21:36:31] INFO: Fetched (404) <GET https://science.nasa.gov/pluto/exploration/> (referer: https://www.google.com/)
[2026-07-01 21:36:32] INFO: Fetched (404) <GET https://science.nasa.gov/pluto/facts/> (referer: https://www.google.com/)
[2026-07-01 21:36:33] INFO: Fetched (404) <GET https://science.nasa.gov/pluto/in-depth/> (referer: https://www.google.com/)
[2026-07-01 21:36:36] INFO: Fetched (404) <GET https://science.nasa.gov/pluto/moons/> (referer: https://www.google.com/)
[2026-07-01 21:36:37] INFO: Fetched (200) <GET https://science.nasa.gov/saturn/> (referer: https://www.google.com/)
[2026-07-01 21:36:37] INFO: Fetched (200) <GET https://science.nasa.gov/saturn/exploration/> (referer: https://www.google.com/)
[2026-07-01 21:36:38] INFO: Fetched (200) <GET https://science.nasa.gov/saturn/facts/> (referer: https://www.google.com/)
[2026-07-01 21:36:40] INFO: Fetched (404) <GET https://science.nasa.gov/saturn/in-depth/> (referer: https://www.google.com/)
[2026-07-01 21:36:41] INFO: Fetched (200) <GET https://science.nasa.gov/saturn/moons/> (referer: https://www.google.com/)
[2026-07-01 21:36:41] INFO: Fetched (200) <GET https://science.nasa.gov/solar-system/10-things-going-interstellar/> (referer: https://www.google.com/)
[2026-07-01 21:36:42] INFO: Fetched (200) <GET https://science.nasa.gov/solar-system/10-things-movie-night/> (referer: https://www.google.com/)
[2026-07-01 21:36:43] INFO: Fetched (200) <GET https://science.nasa.gov/solar-system/10-things-whats-that-space-rock/> (referer: https://www.google.com/)
[2026-07-01 21:36:44] INFO: Fetched (200) <GET https://science.nasa.gov/solar-system/asteroids/> (referer: https://www.google.com/)
[2026-07-01 21:36:45] INFO: Fetched (200) <GET https://science.nasa.gov/solar-system/asteroids/101955-bennu/> (referer: https://www.google.com/)
[2026-07-01 21:36:46] INFO: Fetched (200) <GET https://science.nasa.gov/solar-system/asteroids/16-psyche/> (referer: https://www.google.com/)
[2026-07-01 21:36:47] INFO: Fetched (200) <GET https://science.nasa.gov/solar-system/asteroids/2024-yr4/> (referer: https://www.google.com/)
[2026-07-01 21:36:48] INFO: Fetched (200) <GET https://science.nasa.gov/solar-system/asteroids/243-ida/> (referer: https://www.google.com/)
[2026-07-01 21:36:48] INFO: Fetched (200) <GET https://science.nasa.gov/solar-system/asteroids/25143-itokawa/> (referer: https://www.google.com/)
[2026-07-01 21:36:49] INFO: Fetched (200) <GET https://science.nasa.gov/solar-system/asteroids/4-vesta/> (referer: https://www.google.com/)
[2026-07-01 21:36:50] INFO: Fetched (200) <GET https://science.nasa.gov/solar-system/asteroids/433-eros/> (referer: https://www.google.com/)
[2026-07-01 21:36:50] INFO: Fetched (200) <GET https://science.nasa.gov/solar-system/asteroids/apophis/> (referer: https://www.google.com/)
[2026-07-01 21:36:51] INFO: Fetched (200) <GET https://science.nasa.gov/solar-system/asteroids/didymos/> (referer: https://www.google.com/)
[2026-07-01 21:36:52] INFO: Fetched (200) <GET https://science.nasa.gov/solar-system/asteroids/dinkinesh/> (referer: https://www.google.com/)
[2026-07-01 21:36:53] INFO: Fetched (200) <GET https://science.nasa.gov/solar-system/asteroids/donaldjohanson/> (referer: https://www.google.com/)
[2026-07-01 21:36:54] INFO: Fetched (200) <GET https://science.nasa.gov/solar-system/asteroids/exploration/> (referer: https://www.google.com/)
[2026-07-01 21:36:55] INFO: Fetched (200) <GET https://science.nasa.gov/solar-system/asteroids/facts/> (referer: https://www.google.com/)
[2026-07-01 21:36:59] INFO: Fetched (200) <GET https://science.nasa.gov/solar-system/comets/> (referer: https://www.google.com/)
[2026-07-01 21:37:00] INFO: Fetched (200) <GET https://science.nasa.gov/solar-system/comets/103p-hartley-hartley-2/> (referer: https://www.google.com/)
[2026-07-01 21:37:01] INFO: Fetched (200) <GET https://science.nasa.gov/solar-system/comets/109p-swift-tuttle/> (referer: https://www.google.com/)
[2026-07-01 21:37:01] INFO: Fetched (200) <GET https://science.nasa.gov/solar-system/comets/19p-borrelly/> (referer: https://www.google.com/)
[2026-07-01 21:37:02] INFO: Fetched (200) <GET https://science.nasa.gov/solar-system/comets/1p-halley/> (referer: https://www.google.com/)
[2026-07-01 21:37:03] INFO: Fetched (200) <GET https://science.nasa.gov/solar-system/comets/2i-borisov/> (referer: https://www.google.com/)
[2026-07-01 21:37:04] INFO: Fetched (200) <GET https://science.nasa.gov/solar-system/comets/2p-encke/> (referer: https://www.google.com/)
[2026-07-01 21:37:04] INFO: Fetched (200) <GET https://science.nasa.gov/solar-system/comets/3i-atlas/> (referer: https://www.google.com/)
[2026-07-01 21:37:06] INFO: Fetched (200) <GET https://science.nasa.gov/solar-system/comets/67p-churyumov-gerasimenko/> (referer: https://www.google.com/)
[2026-07-01 21:37:07] INFO: Fetched (200) <GET https://science.nasa.gov/solar-system/comets/81p-wild/> (referer: https://www.google.com/)
[2026-07-01 21:37:08] INFO: Fetched (200) <GET https://science.nasa.gov/solar-system/comets/9p-tempel-1/> (referer: https://www.google.com/)
[2026-07-01 21:37:09] INFO: Fetched (200) <GET https://science.nasa.gov/solar-system/comets/c-1995-o1-hale-bopp/> (referer: https://www.google.com/)
[2026-07-01 21:37:10] INFO: Fetched (200) <GET https://science.nasa.gov/solar-system/comets/c-2012-s1-ison/> (referer: https://www.google.com/)
[2026-07-01 21:37:11] INFO: Fetched (200) <GET https://science.nasa.gov/solar-system/comets/c-2013-a1-siding-spring/> (referer: https://www.google.com/)
[2026-07-01 21:37:11] INFO: Fetched (200) <GET https://science.nasa.gov/solar-system/comets/facts/> (referer: https://www.google.com/)
[2026-07-01 21:37:14] INFO: Fetched (200) <GET https://science.nasa.gov/solar-system/comets/oumuamua/> (referer: https://www.google.com/)
[2026-07-01 21:37:14] INFO: Fetched (200) <GET https://science.nasa.gov/solar-system/comets/p-shoemaker-levy-9/> (referer: https://www.google.com/)
[2026-07-01 21:37:15] INFO: Fetched (200) <GET https://science.nasa.gov/solar-system/solar-system-facts/> (referer: https://www.google.com/)
[2026-07-01 21:37:17] INFO: Fetched (200) <GET https://science.nasa.gov/solar-system/how-to-photograph-a-meteor-shower/> (referer: https://www.google.com/)
[2026-07-01 21:37:17] INFO: Fetched (200) <GET https://science.nasa.gov/solar-system/kuiper-belt/> (referer: https://www.google.com/)
[2026-07-01 21:37:18] INFO: Fetched (200) <GET https://science.nasa.gov/solar-system/kuiper-belt/exploration/> (referer: https://www.google.com/)
[2026-07-01 21:37:19] INFO: Fetched (200) <GET https://science.nasa.gov/solar-system/kuiper-belt/facts/> (referer: https://www.google.com/)
[2026-07-01 21:37:19] INFO: Fetched (200) <GET https://science.nasa.gov/solar-system/kuiper-belt/stories/> (referer: https://www.google.com/)
[2026-07-01 21:37:20] INFO: Fetched (200) <GET https://science.nasa.gov/solar-system/meteors-meteorites/> (referer: https://www.google.com/)
[2026-07-01 21:37:22] INFO: Fetched (200) <GET https://science.nasa.gov/solar-system/meteors-meteorites/exploration/> (referer: https://www.google.com/)
[2026-07-01 21:37:28] INFO: Fetched (200) <GET https://science.nasa.gov/solar-system/meteors-meteorites/facts/> (referer: https://www.google.com/)
[2026-07-01 21:37:29] INFO: Fetched (200) <GET https://science.nasa.gov/solar-system/moons/> (referer: https://www.google.com/)
[2026-07-01 21:37:30] INFO: Fetched (200) <GET https://science.nasa.gov/solar-system/moons/10-things-about-our-solar-systems-most-marvelous-moons/> (referer: https://www.google.com/)
[2026-07-01 21:37:31] INFO: Fetched (200) <GET https://science.nasa.gov/solar-system/moons/facts/> (referer: https://www.google.com/)
[2026-07-01 21:37:32] INFO: Fetched (200) <GET https://science.nasa.gov/solar-system/oort-cloud/> (referer: https://www.google.com/)
[2026-07-01 21:37:32] INFO: Fetched (200) <GET https://science.nasa.gov/solar-system/oort-cloud/facts/> (referer: https://www.google.com/)
[2026-07-01 21:37:33] INFO: Fetched (200) <GET https://science.nasa.gov/solar-system/oort-cloud/multimedia/> (referer: https://www.google.com/)
[2026-07-01 21:37:36] INFO: Fetched (200) <GET https://science.nasa.gov/solar-system/planet-sizes-and-locations-in-our-solar-system/> (referer: https://www.google.com/)
[2026-07-01 21:37:36] INFO: Fetched (200) <GET https://science.nasa.gov/solar-system/planet-x/> (referer: https://www.google.com/)
[2026-07-01 21:37:37] INFO: Fetched (200) <GET https://science.nasa.gov/solar-system/planets/> (referer: https://www.google.com/)
[2026-07-01 21:37:38] INFO: Fetched (200) <GET https://science.nasa.gov/solar-system/analog-explorer/> (referer: https://www.google.com/)
[2026-07-01 21:37:39] INFO: Fetched (200) <GET https://science.nasa.gov/solar-system/planets/planet-sizes-and-locations-in-our-solar-system/> (referer: https://www.google.com/)
[2026-07-01 21:37:41] INFO: Fetched (200) <GET https://science.nasa.gov/solar-system/planetary-analogs/> (referer: https://www.google.com/)
[2026-07-01 21:37:45] INFO: Fetched (200) <GET https://science.nasa.gov/solar-system/planets/what-is-a-planet/> (referer: https://www.google.com/)
[2026-07-01 21:37:45] INFO: Fetched (200) <GET https://science.nasa.gov/solar-system/resources/> (referer: https://www.google.com/)
[2026-07-01 21:37:46] INFO: Fetched (200) <GET https://science.nasa.gov/solar-system/resources/resource-packages/> (referer: https://www.google.com/)
[2026-07-01 21:37:47] INFO: Fetched (200) <GET https://science.nasa.gov/solar-system/resources/resource-packages/asteroid-and-comet-resources/> (referer: https://www.google.com/)
[2026-07-01 21:37:48] INFO: Fetched (200) <GET https://science.nasa.gov/solar-system/resources/resource-packages/earths-moon-resources/> (referer: https://www.google.com/)
[2026-07-01 21:37:49] INFO: Fetched (200) <GET https://science.nasa.gov/solar-system/resources/resource-packages/ice-giant-resources/> (referer: https://www.google.com/)
[2026-07-01 21:37:50] INFO: Fetched (200) <GET https://science.nasa.gov/solar-system/resources/resource-packages/jupiter-resources/> (referer: https://www.google.com/)
[2026-07-01 21:37:51] INFO: Fetched (200) <GET https://science.nasa.gov/solar-system/resources/resource-packages/lucy-mission-resources/> (referer: https://www.google.com/)
[2026-07-01 21:37:53] INFO: Fetched (200) <GET https://science.nasa.gov/solar-system/resources/resource-packages/mars-resources/> (referer: https://www.google.com/)
[2026-07-01 21:37:58] INFO: Fetched (200) <GET https://science.nasa.gov/solar-system/resources/resource-packages/mercury-resources/> (referer: https://www.google.com/)
[2026-07-01 21:37:58] INFO: Fetched (200) <GET https://science.nasa.gov/solar-system/resources/resource-packages/ocean-worlds-resources/> (referer: https://www.google.com/)
[2026-07-01 21:38:01] INFO: Fetched (200) <GET https://science.nasa.gov/solar-system/resources/resource-packages/osiris-rex-resources/> (referer: https://www.google.com/)
[2026-07-01 21:38:01] INFO: Fetched (200) <GET https://science.nasa.gov/solar-system/resources/resource-packages/pluto-dwarf-planet-resources/> (referer: https://www.google.com/)
[2026-07-01 21:38:03] INFO: Fetched (200) <GET https://science.nasa.gov/solar-system/resources/resource-packages/saturn-and-titan-resources/> (referer: https://www.google.com/)
[2026-07-01 21:38:04] INFO: Fetched (200) <GET https://science.nasa.gov/solar-system/resources/resource-packages/venus-resources/> (referer: https://www.google.com/)
[2026-07-01 21:38:04] INFO: Fetched (200) <GET https://science.nasa.gov/solar-system/skywatching/night-sky-network/tropical-solstice-shadows/> (referer: https://www.google.com/)
[2026-07-01 21:38:05] INFO: Fetched (200) <GET https://science.nasa.gov/solar-system/solar-system-facts/> (referer: https://www.google.com/)
[2026-07-01 21:38:06] INFO: Fetched (200) <GET https://science.nasa.gov/solar-system/stories/> (referer: https://www.google.com/)
[2026-07-01 21:38:06] INFO: Fetched (200) <GET https://science.nasa.gov/solar-system/temperatures-across-our-solar-system/> (referer: https://www.google.com/)
[2026-07-01 21:38:08] INFO: Fetched (200) <GET https://science.nasa.gov/solar-system/view-interstellar-comet-3i-atlas-through-nasas-multiple-lenses/> (referer: https://www.google.com/)
[2026-07-01 21:38:09] INFO: Fetched (200) <GET https://science.nasa.gov/solar-system/whats-up-june-2026-skywatching-tips-from-nasa/> (referer: https://www.google.com/)
[2026-07-01 21:38:10] INFO: Fetched (200) <GET https://science.nasa.gov/uranus/> (referer: https://www.google.com/)
[2026-07-01 21:38:11] INFO: Fetched (200) <GET https://science.nasa.gov/uranus/exploration/> (referer: https://www.google.com/)
[2026-07-01 21:38:13] INFO: Fetched (200) <GET https://science.nasa.gov/uranus/facts/> (referer: https://www.google.com/)
[2026-07-01 21:38:14] INFO: Fetched (404) <GET https://science.nasa.gov/uranus/in-depth/> (referer: https://www.google.com/)
[2026-07-01 21:38:15] INFO: Fetched (200) <GET https://science.nasa.gov/uranus/moons/> (referer: https://www.google.com/)
[2026-07-01 21:38:16] INFO: Fetched (200) <GET https://science.nasa.gov/venus/> (referer: https://www.google.com/)
[2026-07-01 21:38:17] INFO: Fetched (200) <GET https://science.nasa.gov/venus/exploration/> (referer: https://www.google.com/)
[2026-07-01 21:38:19] INFO: Fetched (200) <GET https://science.nasa.gov/venus/venus-facts/> (referer: https://www.google.com/)
[2026-07-01 21:38:20] INFO: Fetched (404) <GET https://science.nasa.gov/venus/in-depth/> (referer: https://www.google.com/)
[2026-07-01 21:38:22] INFO: Fetched (404) <GET https://science.nasa.gov/venus/moons/> (referer: https://www.google.com/)
Traceback (most recent call last):
  File "D:\kaifa_stu\world_website\scraper\fetch.py", line 108, in <module>
    (DATA / "articles.json").write_text(json.dumps(out, indent=2, ensure_ascii=False))
  File "C:\Users\Administrator\AppData\Local\Programs\Python\Python310\lib\pathlib.py", line 1155, in write_text
    return f.write(data)
UnicodeEncodeError: 'gbk' codec can't encode character '\xc9' in position 9796: illegal multibyte sequence
